\BOOKMARK [1][-]{section.0}{\376\377\137\025\212\000}{}% 1
\BOOKMARK [1][-]{section.1}{\376\377\166\370\121\163\135\345\117\134}{}% 2
\BOOKMARK [2][-]{subsection.1.1}{\376\377\166\370\121\163\145\160\143\156\226\306}{section.1}% 3
\BOOKMARK [2][-]{subsection.1.2}{\376\377\166\370\121\163\152\041\127\213}{section.1}% 4
\BOOKMARK [3][-]{subsubsection.1.2.1}{\376\377\171\136\176\317\177\121\176\334\152\041\127\213\137\000\172\357}{subsection.1.2}% 5
\BOOKMARK [3][-]{subsubsection.1.2.2}{\376\377\000B\000i\000D\000A\000F}{subsection.1.2}% 6
\BOOKMARK [3][-]{subsubsection.1.2.3}{\376\377\000R\000-\000n\000e\000t}{subsection.1.2}% 7
\BOOKMARK [3][-]{subsubsection.1.2.4}{\376\377\000Q\000A\000-\000n\000e\000t}{subsection.1.2}% 8
\BOOKMARK [1][-]{section.2}{\376\377\152\041\127\213\116\313\176\315}{}% 9
\BOOKMARK [2][-]{subsection.2.1}{\376\377\000B\000E\000R\000T}{section.2}% 10
\BOOKMARK [3][-]{subsubsection.2.1.1}{\376\377\000B\000e\000r\000t\152\041\127\213\116\313\176\315}{subsection.2.1}% 11
\BOOKMARK [3][-]{subsubsection.2.1.2}{\376\377\000B\000E\000R\000T\152\041\127\213\166\204\230\204\213\255\176\303\116\373\122\241}{subsection.2.1}% 12
\BOOKMARK [3][-]{subsubsection.2.1.3}{\376\377\000B\000E\000R\000T\152\041\127\213\000f\000i\000n\000e\000\040\000t\000u\000n\000i\000n\000g}{subsection.2.1}% 13
\BOOKMARK [2][-]{subsection.2.2}{\376\377\000B\000E\000R\000T\000+\000R\000-\000n\000e\000t}{section.2}% 14
\BOOKMARK [1][-]{section.3}{\376\377\133\236\232\214\176\323\147\234\123\312\122\006\147\220}{}% 15
\BOOKMARK [2][-]{subsection.3.1}{\376\377\133\236\232\214\213\364\146\016}{section.3}% 16
\BOOKMARK [2][-]{subsection.3.2}{\376\377\145\160\143\156\226\306\213\364\146\016}{section.3}% 17
\BOOKMARK [2][-]{subsection.3.3}{\376\377\133\236\232\214\217\307\172\013\213\364\146\016}{section.3}% 18
\BOOKMARK [3][-]{subsubsection.3.3.1}{\376\377\145\160\143\156\130\236\137\072}{subsection.3.3}% 19
\BOOKMARK [3][-]{subsubsection.3.3.2}{\376\377\217\307\142\337\124\010}{subsection.3.3}% 20
\BOOKMARK [3][-]{subsubsection.3.3.3}{\376\377\124\016\131\004\164\006}{subsection.3.3}% 21
\BOOKMARK [2][-]{subsection.3.4}{\376\377\133\236\232\214\176\323\147\234\123\312\122\006\147\220}{section.3}% 22
\BOOKMARK [2][-]{subsection.3.5}{\376\377\123\357\211\306\123\026\136\224\165\050}{section.3}% 23
\BOOKMARK [1][-]{section.4}{\376\377\176\323\147\137\213\355}{}% 24
\BOOKMARK [2][-]{subsection.4.1}{\376\377\140\073\176\323}{section.4}% 25
\BOOKMARK [2][-]{subsection.4.2}{\376\377\116\013\116\000\153\145}{section.4}% 26
